INFO: 2024/11/20 21:52:50 *** POSTGRES *** -> success connect to Database by user
INFO: 2024/11/20 21:52:53 {0 Muse Supermassive Black Hole   false 0001-01-01 00:00:00 +0000 UTC 0001-01-01 00:00:00 +0000 UTC <nil>}
INFO: 2024/11/20 21:55:01 *** POSTGRES *** -> success connect to Database by user
INFO: 2024/11/20 21:55:08 {0 Muse Supermassive Black Hole   false 0001-01-01 00:00:00 +0000 UTC 0001-01-01 00:00:00 +0000 UTC <nil>}
INFO: 2024/11/20 21:55:32 *** POSTGRES *** -> success connect to Database by user
INFO: 2024/11/20 21:55:35 {0 Muse Supermassive Black Hole   false 0001-01-01 00:00:00 +0000 UTC 0001-01-01 00:00:00 +0000 UTC <nil>}
INFO: 2024/11/20 21:57:44 *** POSTGRES *** -> success connect to Database by user
INFO: 2024/11/20 21:57:57 {0 Muse Supermassive Black Hole   false 0001-01-01 00:00:00 +0000 UTC 0001-01-01 00:00:00 +0000 UTC <nil>}
INFO: 2024/11/20 21:58:55 *** POSTGRES *** -> success connect to Database by user
INFO: 2024/11/20 21:58:58 {0 Muse Supermassive Black Hole  false 0001-01-01 00:00:00 +0000 UTC 0001-01-01 00:00:00 +0000 UTC <nil>}
INFO: 2024/11/20 21:58:58 New Song Created Successfully
INFO: 2024/11/21 09:16:54 *** POSTGRES *** -> success connect to Database by user
INFO: 2024/11/21 09:16:58 {0 Muse Supermassive Black Hole  false 0001-01-01 00:00:00 +0000 UTC 0001-01-01 00:00:00 +0000 UTC <nil>}
INFO: 2024/11/21 09:16:58 New Song Created Successfully
INFO: 2024/11/21 18:46:32 *** POSTGRES *** -> success connect to Database by user
INFO: 2024/11/21 18:46:38 id 1
INFO: 2024/11/21 18:46:38 song deleted successfully
INFO: 2024/11/21 19:03:14 *** POSTGRES *** -> success connect to Database by user
INFO: 2024/11/21 19:03:25 {0 Muse Supermassive Black Hole 2006-07-16 00:00:00 +0000 UTC Ooh baby, don’t you know I suffer?
Ooh baby, can you hear me moan?
You caught me under false pretenses
How long before you let me go?

Ooh
You set my soul alight
Ooh
You set my soul alight https://www.youtube.com/watch?v=Xsp3_a-PMTw false 0001-01-01 00:00:00 +0000 UTC 0001-01-01 00:00:00 +0000 UTC <nil>}
INFO: 2024/11/21 19:03:25 New Song Created Successfully
INFO: 2024/11/21 19:05:17 id 1
INFO: 2024/11/21 19:05:17 song deleted successfully
INFO: 2024/11/21 19:15:08 *** POSTGRES *** -> success connect to Database by user
INFO: 2024/11/21 19:15:40 *** POSTGRES *** -> success connect to Database by user
INFO: 2024/11/21 19:21:33 *** POSTGRES *** -> success connect to Database by user
INFO: 2024/11/21 19:25:03 *** POSTGRES *** -> success connect to Database by user
INFO: 2024/11/21 19:32:48 *** POSTGRES *** -> success connect to Database by user
INFO: 2024/11/21 19:34:22 *** POSTGRES *** -> success connect to Database by user
INFO: 2024/11/21 19:36:51 *** POSTGRES *** -> success connect to Database by user
INFO: 2024/11/21 19:37:21 {1 Muse Supermassive Black Hole 2006-07-16 00:00:00 +0000 UTC Ooh baby, don’t you know I suffer?
Ooh baby, can you hear me moan?
You caught me under false pretenses
How long before you let me go?

Ooh
You set my soul alight
Ooh
You set my soul alight https://www.youtube.com/watch?v=Xsp3_a-PMTw true 2024-11-21 19:03:25.215249 +0500 +05 2024-11-21 19:05:17.438368 +0500 +05 <nil>}
INFO: 2024/11/21 19:37:49 *** POSTGRES *** -> success connect to Database by user
INFO: 2024/11/21 20:03:13 *** POSTGRES *** -> success connect to Database by user
INFO: 2024/11/21 20:03:39 {1 Muse Supermassive Black Hole 2006-07-16 00:00:00 +0000 UTC Ooh baby, don’t you know I suffer?
Ooh baby, can you hear me moan?
You caught me under false pretenses
How long before you let me go?

Ooh
You set my soul alight
Ooh
You set my soul alight https://www.youtube.com/watch?v=Xsp3_a-PMTw true 2024-11-21 19:03:25.215249 +0500 +05 2024-11-21 19:05:17.438368 +0500 +05 <nil>}
INFO: 2024/11/21 20:03:40 {1 Muse Supermassive Black Hole 2006-07-16 00:00:00 +0000 UTC Ooh baby, don’t you know I suffer?
Ooh baby, can you hear me moan?
You caught me under false pretenses
How long before you let me go?

Ooh
You set my soul alight
Ooh
You set my soul alight https://www.youtube.com/watch?v=Xsp3_a-PMTw true 2024-11-21 19:03:25.215249 +0500 +05 2024-11-21 19:05:17.438368 +0500 +05 <nil>}
INFO: 2024/11/21 20:08:42 *** POSTGRES *** -> success connect to Database by user
INFO: 2024/11/21 20:11:41 *** POSTGRES *** -> success connect to Database by user
INFO: 2024/11/21 20:12:59 *** POSTGRES *** -> success connect to Database by user
INFO: 2024/11/21 21:09:30 *** POSTGRES *** -> success connect to Database by user
INFO: 2024/11/21 21:09:40 {0   0001-01-01 00:00:00 +0000 UTC   false 0001-01-01 00:00:00 +0000 UTC 0001-01-01 00:00:00 +0000 UTC <nil>}
INFO: 2024/11/21 21:10:10 {0   0001-01-01 00:00:00 +0000 UTC   false 0001-01-01 00:00:00 +0000 UTC 0001-01-01 00:00:00 +0000 UTC <nil>}
INFO: 2024/11/21 21:10:11 {0   0001-01-01 00:00:00 +0000 UTC   false 0001-01-01 00:00:00 +0000 UTC 0001-01-01 00:00:00 +0000 UTC <nil>}
INFO: 2024/11/21 21:10:18 {0   0001-01-01 00:00:00 +0000 UTC   false 0001-01-01 00:00:00 +0000 UTC 0001-01-01 00:00:00 +0000 UTC <nil>}
INFO: 2024/11/21 21:10:28 *** POSTGRES *** -> success connect to Database by user
INFO: 2024/11/21 21:10:30 {1 Muse Supermassive Black Hole 2006-07-16 00:00:00 +0000 UTC Ooh baby, don’t you know I suffer?
Ooh baby, can you hear me moan?
You caught me under false pretenses
How long before you let me go?

Ooh
You set my soul alight
Ooh
You set my soul alight https://www.youtube.com/watch?v=Xsp3_a-PMTw true 2024-11-21 19:03:25.215249 +0500 +05 2024-11-21 19:05:17.438368 +0500 +05 <nil>}
INFO: 2024/11/21 21:10:37 {1 Muse Supermassive Black Hole 2006-07-16 00:00:00 +0000 UTC Ooh baby, don’t you know I suffer?
Ooh baby, can you hear me moan?
You caught me under false pretenses
How long before you let me go?

Ooh
You set my soul alight
Ooh
You set my soul alight https://www.youtube.com/watch?v=Xsp3_a-PMTw true 2024-11-21 19:03:25.215249 +0500 +05 2024-11-21 19:05:17.438368 +0500 +05 <nil>}
INFO: 2024/11/21 21:14:08 *** POSTGRES *** -> success connect to Database by user
INFO: 2024/11/21 21:14:41 {0 Muse Supermassive Black Hole 2006-07-16 00:00:00 +0000 UTC Updated song text https://www.youtube.com/watch?v=Xsp3_a-PMTw false 0001-01-01 00:00:00 +0000 UTC 0001-01-01 00:00:00 +0000 UTC <nil>}
INFO: 2024/11/21 21:14:41 {1 Muse Updated song text 2006-07-16 00:00:00 +0000 UTC Updated song text https://www.youtube.com/watch?v=Xsp3_a-PMTw true 2024-11-21 19:03:25.215249 +0500 +05 2024-11-21 21:14:41.142628 +0500 +05 <nil>}
INFO: 2024/11/21 21:33:20 *** POSTGRES *** -> success connect to Database by user
INFO: 2024/11/21 21:37:09 *** POSTGRES *** -> success connect to Database by user
INFO: 2024/11/21 21:37:43 {0 string string 2006-07-16 00:00:00 +0000 UTC string string true 0001-01-01 00:00:00 +0000 UTC 0001-01-01 00:00:00 +0000 UTC 0001-01-01 00:00:00 +0000 UTC}
INFO: 2024/11/21 21:37:43 New Song Created Successfully
INFO: 2024/11/21 21:37:44 {0 string string 2006-07-16 00:00:00 +0000 UTC string string true 0001-01-01 00:00:00 +0000 UTC 0001-01-01 00:00:00 +0000 UTC 0001-01-01 00:00:00 +0000 UTC}
INFO: 2024/11/21 21:37:44 New Song Created Successfully
INFO: 2024/11/21 21:37:53 {2 string string 2006-07-16 00:00:00 +0000 UTC string string true 2024-11-21 21:37:43.612851 +0500 +05 2024-11-21 21:37:43.612851 +0500 +05 0001-01-01 00:00:00 +0000 UTC}
INFO: 2024/11/21 21:38:02 id 3
INFO: 2024/11/21 21:38:02 song deleted successfully
INFO: 2024/11/21 21:38:03 id 3
INFO: 2024/11/21 21:38:03 song deleted successfully
INFO: 2024/11/21 21:38:52 *** POSTGRES *** -> success connect to Database by user
INFO: 2024/11/21 21:39:16 {0 Muse Supermassive Black Hole 2006-07-16 00:00:00 +0000 UTC Ooh baby, don’t you know I suffer?
Ooh baby, can you hear me moan?
You caught me under false pretenses
How long before you let me go?

Ooh
You set my soul alight
Ooh
You set my soul alight https://www.youtube.com/watch?v=Xsp3_a-PMTw false 0001-01-01 00:00:00 +0000 UTC 0001-01-01 00:00:00 +0000 UTC 0001-01-01 00:00:00 +0000 UTC}
INFO: 2024/11/21 21:39:16 {2 Muse Ooh baby, don’t you know I suffer?
Ooh baby, can you hear me moan?
You caught me under false pretenses
How long before you let me go?

Ooh
You set my soul alight
Ooh
You set my soul alight 2006-07-16 00:00:00 +0000 UTC Ooh baby, don’t you know I suffer?
Ooh baby, can you hear me moan?
You caught me under false pretenses
How long before you let me go?

Ooh
You set my soul alight
Ooh
You set my soul alight https://www.youtube.com/watch?v=Xsp3_a-PMTw false 2024-11-21 21:37:43.612851 +0500 +05 2024-11-21 21:39:16.256033 +0500 +05 0001-01-01 00:00:00 +0000 UTC}
INFO: 2024/11/21 21:39:20 {0 Muse Supermassive Black Hole 2006-07-16 00:00:00 +0000 UTC Ooh baby, don’t you know I suffer?
Ooh baby, can you hear me moan?
You caught me under false pretenses
How long before you let me go?

Ooh
You set my soul alight
Ooh
You set my soul alight https://www.youtube.com/watch?v=Xsp3_a-PMTw false 0001-01-01 00:00:00 +0000 UTC 0001-01-01 00:00:00 +0000 UTC 0001-01-01 00:00:00 +0000 UTC}
INFO: 2024/11/21 21:39:20 {2 Muse Ooh baby, don’t you know I suffer?
Ooh baby, can you hear me moan?
You caught me under false pretenses
How long before you let me go?

Ooh
You set my soul alight
Ooh
You set my soul alight 2006-07-16 00:00:00 +0000 UTC Ooh baby, don’t you know I suffer?
Ooh baby, can you hear me moan?
You caught me under false pretenses
How long before you let me go?

Ooh
You set my soul alight
Ooh
You set my soul alight https://www.youtube.com/watch?v=Xsp3_a-PMTw false 2024-11-21 21:37:43.612851 +0500 +05 2024-11-21 21:39:20.75887 +0500 +05 0001-01-01 00:00:00 +0000 UTC}
INFO: 2024/11/21 21:53:11 *** POSTGRES *** -> success connect to Database by user
INFO: 2024/11/21 21:53:28 page %s and limit %s 1 10
INFO: 2024/11/21 21:53:28 songs : [{2 Muse Ooh baby, don’t you know I suffer?
Ooh baby, can you hear me moan?
You caught me under false pretenses
How long before you let me go?

Ooh
You set my soul alight
Ooh
You set my soul alight 2006-07-16 00:00:00 +0000 UTC Ooh baby, don’t you know I suffer?
Ooh baby, can you hear me moan?
You caught me under false pretenses
How long before you let me go?

Ooh
You set my soul alight
Ooh
You set my soul alight https://www.youtube.com/watch?v=Xsp3_a-PMTw false 2024-11-21 21:37:43.612851 +0500 +05 2024-11-21 21:39:20.75887 +0500 +05 0001-01-01 00:00:00 +0000 UTC}]
INFO: 2024/11/21 22:00:18 *** POSTGRES *** -> success connect to Database by user
INFO: 2024/11/21 22:00:29 page %s and limit %s 1 10
INFO: 2024/11/21 22:00:29 songs : [{2 Muse Ooh baby, don’t you know I suffer?
Ooh baby, can you hear me moan?
You caught me under false pretenses
How long before you let me go?

Ooh
You set my soul alight
Ooh
You set my soul alight 2006-07-16 00:00:00 +0000 UTC Ooh baby, don’t you know I suffer?
Ooh baby, can you hear me moan?
You caught me under false pretenses
How long before you let me go?

Ooh
You set my soul alight
Ooh
You set my soul alight https://www.youtube.com/watch?v=Xsp3_a-PMTw false 2024-11-21 21:37:43.612851 +0500 +05 2024-11-21 21:39:20.75887 +0500 +05 0001-01-01 00:00:00 +0000 UTC}]
INFO: 2024/11/21 22:00:33 page %s and limit %s 12 10
INFO: 2024/11/21 22:00:33 songs : []
INFO: 2024/11/21 22:18:00 *** POSTGRES *** -> success connect to Database by user
INFO: 2024/11/21 22:18:43 *** POSTGRES *** -> success connect to Database by user
INFO: 2024/11/21 22:18:55 page %s and limit %s 1 20
INFO: 2024/11/21 22:18:55 songs : [{2 Muse Ooh baby, don’t you know I suffer?
Ooh baby, can you hear me moan?
You caught me under false pretenses
How long before you let me go?

Ooh
You set my soul alight
Ooh
You set my soul alight 2006-07-16 00:00:00 +0000 UTC Ooh baby, don’t you know I suffer?
Ooh baby, can you hear me moan?
You caught me under false pretenses
How long before you let me go?

Ooh
You set my soul alight
Ooh
You set my soul alight https://www.youtube.com/watch?v=Xsp3_a-PMTw false 2024-11-21 21:37:43.612851 +0500 +05 2024-11-21 21:39:20.75887 +0500 +05 0001-01-01 00:00:00 +0000 UTC}]
INFO: 2024/11/21 22:20:15 {0 hello golang 2006-07-16 00:00:00 +0000 UTC musissi www false 0001-01-01 00:00:00 +0000 UTC 0001-01-01 00:00:00 +0000 UTC 0001-01-01 00:00:00 +0000 UTC}
INFO: 2024/11/21 22:20:15 New Song Created Successfully
INFO: 2024/11/21 22:20:24 page %s and limit %s 1 20
INFO: 2024/11/21 22:20:24 songs : [{2 Muse Ooh baby, don’t you know I suffer?
Ooh baby, can you hear me moan?
You caught me under false pretenses
How long before you let me go?

Ooh
You set my soul alight
Ooh
You set my soul alight 2006-07-16 00:00:00 +0000 UTC Ooh baby, don’t you know I suffer?
Ooh baby, can you hear me moan?
You caught me under false pretenses
How long before you let me go?

Ooh
You set my soul alight
Ooh
You set my soul alight https://www.youtube.com/watch?v=Xsp3_a-PMTw false 2024-11-21 21:37:43.612851 +0500 +05 2024-11-21 21:39:20.75887 +0500 +05 0001-01-01 00:00:00 +0000 UTC} {4 hello golang 2006-07-16 00:00:00 +0000 UTC musissi www false 2024-11-21 22:20:15.804527 +0500 +05 2024-11-21 22:20:15.804527 +0500 +05 0001-01-01 00:00:00 +0000 UTC}]
INFO: 2024/11/21 22:20:33 page %s and limit %s 1 20
INFO: 2024/11/21 22:20:33 songs : [{2 Muse Ooh baby, don’t you know I suffer?
Ooh baby, can you hear me moan?
You caught me under false pretenses
How long before you let me go?

Ooh
You set my soul alight
Ooh
You set my soul alight 2006-07-16 00:00:00 +0000 UTC Ooh baby, don’t you know I suffer?
Ooh baby, can you hear me moan?
You caught me under false pretenses
How long before you let me go?

Ooh
You set my soul alight
Ooh
You set my soul alight https://www.youtube.com/watch?v=Xsp3_a-PMTw false 2024-11-21 21:37:43.612851 +0500 +05 2024-11-21 21:39:20.75887 +0500 +05 0001-01-01 00:00:00 +0000 UTC} {4 hello golang 2006-07-16 00:00:00 +0000 UTC musissi www false 2024-11-21 22:20:15.804527 +0500 +05 2024-11-21 22:20:15.804527 +0500 +05 0001-01-01 00:00:00 +0000 UTC}]
INFO: 2024/11/21 22:20:40 page %s and limit %s 1 20
INFO: 2024/11/21 22:20:40 songs : [{2 Muse Ooh baby, don’t you know I suffer?
Ooh baby, can you hear me moan?
You caught me under false pretenses
How long before you let me go?

Ooh
You set my soul alight
Ooh
You set my soul alight 2006-07-16 00:00:00 +0000 UTC Ooh baby, don’t you know I suffer?
Ooh baby, can you hear me moan?
You caught me under false pretenses
How long before you let me go?

Ooh
You set my soul alight
Ooh
You set my soul alight https://www.youtube.com/watch?v=Xsp3_a-PMTw false 2024-11-21 21:37:43.612851 +0500 +05 2024-11-21 21:39:20.75887 +0500 +05 0001-01-01 00:00:00 +0000 UTC} {4 hello golang 2006-07-16 00:00:00 +0000 UTC musissi www false 2024-11-21 22:20:15.804527 +0500 +05 2024-11-21 22:20:15.804527 +0500 +05 0001-01-01 00:00:00 +0000 UTC}]
INFO: 2024/11/21 22:20:50 page %s and limit %s 1 20
INFO: 2024/11/21 22:20:50 songs : [{2 Muse Ooh baby, don’t you know I suffer?
Ooh baby, can you hear me moan?
You caught me under false pretenses
How long before you let me go?

Ooh
You set my soul alight
Ooh
You set my soul alight 2006-07-16 00:00:00 +0000 UTC Ooh baby, don’t you know I suffer?
Ooh baby, can you hear me moan?
You caught me under false pretenses
How long before you let me go?

Ooh
You set my soul alight
Ooh
You set my soul alight https://www.youtube.com/watch?v=Xsp3_a-PMTw false 2024-11-21 21:37:43.612851 +0500 +05 2024-11-21 21:39:20.75887 +0500 +05 0001-01-01 00:00:00 +0000 UTC} {4 hello golang 2006-07-16 00:00:00 +0000 UTC musissi www false 2024-11-21 22:20:15.804527 +0500 +05 2024-11-21 22:20:15.804527 +0500 +05 0001-01-01 00:00:00 +0000 UTC}]
INFO: 2024/11/21 22:21:54 *** POSTGRES *** -> success connect to Database by user
INFO: 2024/11/21 22:22:01 page %s and limit %s 1 20
INFO: 2024/11/21 22:22:01 songs : [{2 Muse Ooh baby, don’t you know I suffer?
Ooh baby, can you hear me moan?
You caught me under false pretenses
How long before you let me go?

Ooh
You set my soul alight
Ooh
You set my soul alight 2006-07-16 00:00:00 +0000 UTC Ooh baby, don’t you know I suffer?
Ooh baby, can you hear me moan?
You caught me under false pretenses
How long before you let me go?

Ooh
You set my soul alight
Ooh
You set my soul alight https://www.youtube.com/watch?v=Xsp3_a-PMTw false 2024-11-21 21:37:43.612851 +0500 +05 2024-11-21 21:39:20.75887 +0500 +05 0001-01-01 00:00:00 +0000 UTC} {4 hello golang 2006-07-16 00:00:00 +0000 UTC musissi www false 2024-11-21 22:20:15.804527 +0500 +05 2024-11-21 22:20:15.804527 +0500 +05 0001-01-01 00:00:00 +0000 UTC}]
INFO: 2024/11/21 22:25:45 *** POSTGRES *** -> success connect to Database by user
INFO: 2024/11/21 22:25:56 page %s and limit %s 1 20
INFO: 2024/11/21 22:25:56 songs : [{2 Muse Ooh baby, don’t you know I suffer?
Ooh baby, can you hear me moan?
You caught me under false pretenses
How long before you let me go?

Ooh
You set my soul alight
Ooh
You set my soul alight 2006-07-16 00:00:00 +0000 UTC Ooh baby, don’t you know I suffer?
Ooh baby, can you hear me moan?
You caught me under false pretenses
How long before you let me go?

Ooh
You set my soul alight
Ooh
You set my soul alight https://www.youtube.com/watch?v=Xsp3_a-PMTw false 2024-11-21 21:37:43.612851 +0500 +05 2024-11-21 21:39:20.75887 +0500 +05 0001-01-01 00:00:00 +0000 UTC} {4 hello golang 2006-07-16 00:00:00 +0000 UTC musissi www false 2024-11-21 22:20:15.804527 +0500 +05 2024-11-21 22:20:15.804527 +0500 +05 0001-01-01 00:00:00 +0000 UTC}]
INFO: 2024/11/21 22:26:33 *** POSTGRES *** -> success connect to Database by user
INFO: 2024/11/21 22:26:40 page %s and limit %s 1 20
INFO: 2024/11/21 22:26:40 songs : [{2 Muse Ooh baby, don’t you know I suffer?
Ooh baby, can you hear me moan?
You caught me under false pretenses
How long before you let me go?

Ooh
You set my soul alight
Ooh
You set my soul alight 2006-07-16 00:00:00 +0000 UTC Ooh baby, don’t you know I suffer?
Ooh baby, can you hear me moan?
You caught me under false pretenses
How long before you let me go?

Ooh
You set my soul alight
Ooh
You set my soul alight https://www.youtube.com/watch?v=Xsp3_a-PMTw false 2024-11-21 21:37:43.612851 +0500 +05 2024-11-21 21:39:20.75887 +0500 +05 0001-01-01 00:00:00 +0000 UTC} {4 hello golang 2006-07-16 00:00:00 +0000 UTC musissi www false 2024-11-21 22:20:15.804527 +0500 +05 2024-11-21 22:20:15.804527 +0500 +05 0001-01-01 00:00:00 +0000 UTC}]
INFO: 2024/11/21 22:29:14 *** POSTGRES *** -> success connect to Database by user
INFO: 2024/11/21 22:29:17 page %s and limit %s 1 20
INFO: 2024/11/21 22:29:17 No records found
INFO: 2024/11/21 22:30:07 *** POSTGRES *** -> success connect to Database by user
INFO: 2024/11/21 22:30:09 page %s and limit %s 1 20
INFO: 2024/11/21 22:30:09 No records found
INFO: 2024/11/21 22:31:29 *** POSTGRES *** -> success connect to Database by user
INFO: 2024/11/21 22:31:36 page %s and limit %s 1 20
INFO: 2024/11/21 22:31:36 No records found
INFO: 2024/11/21 22:32:19 *** POSTGRES *** -> success connect to Database by user
INFO: 2024/11/21 22:32:21 page %s and limit %s 1 20
INFO: 2024/11/21 22:32:21 No records found
INFO: 2024/11/21 22:36:19 *** POSTGRES *** -> success connect to Database by user
INFO: 2024/11/21 22:36:23 page %s and limit %s 1 20
INFO: 2024/11/21 22:36:23 No records found
INFO: 2024/11/21 22:36:34 page %s and limit %s 1 20
INFO: 2024/11/21 22:36:34 songs : [{4 hello golang 2006-07-16 00:00:00 +0000 UTC musissi www false 2024-11-21 22:20:15.804527 +0500 +05 2024-11-21 22:20:15.804527 +0500 +05 0001-01-01 00:00:00 +0000 UTC}]
INFO: 2024/11/21 22:37:00 page %s and limit %s 1 20
INFO: 2024/11/21 22:37:00 songs : [{4 hello golang 2006-07-16 00:00:00 +0000 UTC musissi www false 2024-11-21 22:20:15.804527 +0500 +05 2024-11-21 22:20:15.804527 +0500 +05 0001-01-01 00:00:00 +0000 UTC}]
INFO: 2024/11/21 22:37:05 page %s and limit %s 1 20
INFO: 2024/11/21 22:37:05 songs : [{4 hello golang 2006-07-16 00:00:00 +0000 UTC musissi www false 2024-11-21 22:20:15.804527 +0500 +05 2024-11-21 22:20:15.804527 +0500 +05 0001-01-01 00:00:00 +0000 UTC}]
INFO: 2024/11/21 22:37:14 page %s and limit %s 1 20
INFO: 2024/11/21 22:37:14 songs : [{4 hello golang 2006-07-16 00:00:00 +0000 UTC musissi www false 2024-11-21 22:20:15.804527 +0500 +05 2024-11-21 22:20:15.804527 +0500 +05 0001-01-01 00:00:00 +0000 UTC}]
INFO: 2024/11/21 22:37:21 page %s and limit %s 1 20
INFO: 2024/11/21 22:37:21 songs : [{2 Muse Ooh baby, don’t you know I suffer?
Ooh baby, can you hear me moan?
You caught me under false pretenses
How long before you let me go?

Ooh
You set my soul alight
Ooh
You set my soul alight 2006-07-16 00:00:00 +0000 UTC Ooh baby, don’t you know I suffer?
Ooh baby, can you hear me moan?
You caught me under false pretenses
How long before you let me go?

Ooh
You set my soul alight
Ooh
You set my soul alight https://www.youtube.com/watch?v=Xsp3_a-PMTw false 2024-11-21 21:37:43.612851 +0500 +05 2024-11-21 21:39:20.75887 +0500 +05 0001-01-01 00:00:00 +0000 UTC} {4 hello golang 2006-07-16 00:00:00 +0000 UTC musissi www false 2024-11-21 22:20:15.804527 +0500 +05 2024-11-21 22:20:15.804527 +0500 +05 0001-01-01 00:00:00 +0000 UTC}]
INFO: 2024/11/21 22:37:35 *** POSTGRES *** -> success connect to Database by user
INFO: 2024/11/21 22:37:36 page %s and limit %s 1 20
INFO: 2024/11/21 22:37:36 songs : [{2 Muse Ooh baby, don’t you know I suffer?
Ooh baby, can you hear me moan?
You caught me under false pretenses
How long before you let me go?

Ooh
You set my soul alight
Ooh
You set my soul alight 2006-07-16 00:00:00 +0000 UTC Ooh baby, don’t you know I suffer?
Ooh baby, can you hear me moan?
You caught me under false pretenses
How long before you let me go?

Ooh
You set my soul alight
Ooh
You set my soul alight https://www.youtube.com/watch?v=Xsp3_a-PMTw false 2024-11-21 21:37:43.612851 +0500 +05 2024-11-21 21:39:20.75887 +0500 +05 0001-01-01 00:00:00 +0000 UTC} {4 hello golang 2006-07-16 00:00:00 +0000 UTC musissi www false 2024-11-21 22:20:15.804527 +0500 +05 2024-11-21 22:20:15.804527 +0500 +05 0001-01-01 00:00:00 +0000 UTC}]
